CRITICAL - 2022-01-31 04:50:55 --> Trying to access array offset on value of type null
#0 C:\xampp\htdocs\feams\modules\NewsEvents\Views\listLogged.php(24): CodeIgniter\Debug\Exceptions->errorHandler(2, 'Trying to acces...', 'C:\\xampp\\htdocs...', 24)
#1 C:\xampp\htdocs\feams\system\View\View.php(230): include('C:\\xampp\\htdocs...')
#2 C:\xampp\htdocs\feams\system\View\View.php(232): CodeIgniter\View\View->CodeIgniter\View\{closure}()
#3 C:\xampp\htdocs\feams\system\Common.php(1271): CodeIgniter\View\View->render('Modules\\NewsEve...', Array, true)
#4 C:\xampp\htdocs\feams\modules\NewsEvents\Controllers\NewsEvents.php(66): view('Modules\\NewsEve...', Array)
#5 C:\xampp\htdocs\feams\system\CodeIgniter.php(928): Modules\NewsEvents\Controllers\NewsEvents->newsList()
#6 C:\xampp\htdocs\feams\system\CodeIgniter.php(436): CodeIgniter\CodeIgniter->runController(Object(Modules\NewsEvents\Controllers\NewsEvents))
#7 C:\xampp\htdocs\feams\system\CodeIgniter.php(336): CodeIgniter\CodeIgniter->handleRequest(NULL, Object(Config\Cache), false)
#8 C:\xampp\htdocs\feams\index.php(37): CodeIgniter\CodeIgniter->run()
#9 {main}
CRITICAL - 2022-01-31 04:50:58 --> Trying to access array offset on value of type null
#0 C:\xampp\htdocs\feams\modules\NewsEvents\Views\listLogged.php(24): CodeIgniter\Debug\Exceptions->errorHandler(2, 'Trying to acces...', 'C:\\xampp\\htdocs...', 24)
#1 C:\xampp\htdocs\feams\system\View\View.php(230): include('C:\\xampp\\htdocs...')
#2 C:\xampp\htdocs\feams\system\View\View.php(232): CodeIgniter\View\View->CodeIgniter\View\{closure}()
#3 C:\xampp\htdocs\feams\system\Common.php(1271): CodeIgniter\View\View->render('Modules\\NewsEve...', Array, true)
#4 C:\xampp\htdocs\feams\modules\NewsEvents\Controllers\NewsEvents.php(66): view('Modules\\NewsEve...', Array)
#5 C:\xampp\htdocs\feams\system\CodeIgniter.php(928): Modules\NewsEvents\Controllers\NewsEvents->newsList()
#6 C:\xampp\htdocs\feams\system\CodeIgniter.php(436): CodeIgniter\CodeIgniter->runController(Object(Modules\NewsEvents\Controllers\NewsEvents))
#7 C:\xampp\htdocs\feams\system\CodeIgniter.php(336): CodeIgniter\CodeIgniter->handleRequest(NULL, Object(Config\Cache), false)
#8 C:\xampp\htdocs\feams\index.php(37): CodeIgniter\CodeIgniter->run()
#9 {main}
CRITICAL - 2022-01-31 04:52:10 --> Trying to access array offset on value of type null
#0 C:\xampp\htdocs\feams\modules\NewsEvents\Views\listLogged.php(24): CodeIgniter\Debug\Exceptions->errorHandler(2, 'Trying to acces...', 'C:\\xampp\\htdocs...', 24)
#1 C:\xampp\htdocs\feams\system\View\View.php(230): include('C:\\xampp\\htdocs...')
#2 C:\xampp\htdocs\feams\system\View\View.php(232): CodeIgniter\View\View->CodeIgniter\View\{closure}()
#3 C:\xampp\htdocs\feams\system\Common.php(1271): CodeIgniter\View\View->render('Modules\\NewsEve...', Array, true)
#4 C:\xampp\htdocs\feams\modules\NewsEvents\Controllers\NewsEvents.php(66): view('Modules\\NewsEve...', Array)
#5 C:\xampp\htdocs\feams\system\CodeIgniter.php(928): Modules\NewsEvents\Controllers\NewsEvents->newsList()
#6 C:\xampp\htdocs\feams\system\CodeIgniter.php(436): CodeIgniter\CodeIgniter->runController(Object(Modules\NewsEvents\Controllers\NewsEvents))
#7 C:\xampp\htdocs\feams\system\CodeIgniter.php(336): CodeIgniter\CodeIgniter->handleRequest(NULL, Object(Config\Cache), false)
#8 C:\xampp\htdocs\feams\index.php(37): CodeIgniter\CodeIgniter->run()
#9 {main}
